38781
38800

#####Django服务成功关闭#####
#####Django启动服务#####
38852
#####Django服务启动成功#####
Watching for file changes with StatReloader
[22/Aug/2022 16:59:10] "POST /api/v1/configs/manage/platform_update/ HTTP/1.1" 200 411
38852

#####Django服务成功关闭#####
#####Django启动服务#####
39113
#####Django服务启动成功#####
Watching for file changes with StatReloader
[22/Aug/2022 16:59:22] "GET /api/v1/messages/manage/dashboard/ HTTP/1.1" 200 2639
[22/Aug/2022 16:59:33] "POST /api/v1/configs/manage/platform_update/ HTTP/1.1" 200 410
39113

#####Django服务成功关闭#####
#####Django启动服务#####
39186
#####Django服务启动成功#####
Watching for file changes with StatReloader
[22/Aug/2022 16:59:51] "GET /api/v1/messages/manage/dashboard/ HTTP/1.1" 200 2632
/Users/a58/Documents/代码工程/antenna/modules/config/setting.py changed, reloading.
Performing system checks...

/Users/a58/Documents/代码工程/antenna/modules/template
System check identified no issues (0 silenced).
August 22, 2022 - 16:59:38
Django version 3.2.9, using settings 'antenna.settings'
Starting development server at http://0.0.0.0:8001/
Quit the server with CONTROL-C.
